build/app/intermediates/manifest_merge_blame_file/debug/manifest-merger-blame-debug-report.txt
1<?xml version="1.0" encoding="utf-8"?>
2<manifest xmlns:android="http://schemas.android.com/apk/res/android"
3    package="com.example.karpportal"
4    android:versionCode="1"
5    android:versionName="1.0.0" >
6
7    <uses-sdk
8        android:minSdkVersion="21"
9        android:targetSdkVersion="31" />
10    <!--
11         Flutter needs it to communicate with the running application
12         to allow setting breakpoints, to provide hot reload, etc.
13    -->
14    <uses-permission android:name="android.permission.INTERNET" />
14-->src/main/AndroidManifest.xml:6:4-65
14-->src/main/AndroidManifest.xml:6:21-63
15    <uses-permission android:name="android.permission.WRITE_EXTERNAL_STORAGE" />
15-->src/main/AndroidManifest.xml:3:4-79
15-->src/main/AndroidManifest.xml:3:21-77
16    <uses-permission android:name="android.permission.READ_EXTERNAL_STORAGE" />
16-->src/main/AndroidManifest.xml:4:4-78
16-->src/main/AndroidManifest.xml:4:21-76
17    <uses-permission android:name="android.permission.WAKE_LOCK" />
17-->[:firebase_messaging] AndroidManifest.xml:8:5-68
17-->[:firebase_messaging] AndroidManifest.xml:8:22-65
18    <uses-permission android:name="android.permission.ACCESS_NETWORK_STATE" /> <!-- Required by older versions of Google Play services to create IID tokens -->
18-->[:firebase_messaging] AndroidManifest.xml:9:5-79
18-->[:firebase_messaging] AndroidManifest.xml:9:22-76
19    <uses-permission android:name="com.google.android.c2dm.permission.RECEIVE" />
19-->[com.google.firebase:firebase-messaging:23.0.0] AndroidManifest.xml:25:5-82
19-->[com.google.firebase:firebase-messaging:23.0.0] AndroidManifest.xml:25:22-79
20
21    <application
22        android:name="android.app.Application"
23        android:appComponentFactory="androidx.core.app.CoreComponentFactory"
23-->[androidx.core:core:1.6.0] AndroidManifest.xml:24:18-86
24        android:debuggable="true"
25        android:icon="@mipmap/ic_launcher"
26        android:label="karpportal"
27        android:usesCleartextTraffic="true" >
28
29        <!-- android:requestLegacyExternalStorage="true" -->
30        <activity
31            android:name="com.example.karpportal.MainActivity"
32            android:configChanges="orientation|keyboardHidden|keyboard|screenSize|smallestScreenSize|locale|layoutDirection|fontScale|screenLayout|density|uiMode"
33            android:exported="true"
34            android:hardwareAccelerated="true"
35            android:launchMode="singleTop"
36            android:theme="@style/LaunchTheme"
37            android:windowSoftInputMode="adjustResize" >
38
39            <!--
40                 Specifies an Android theme to apply to this Activity as soon as
41                 the Android process has started. This theme is visible to the user
42                 while the Flutter UI initializes. After that, this theme continues
43                 to determine the Window background behind the Flutter UI.
44            -->
45            <meta-data
46                android:name="io.flutter.embedding.android.NormalTheme"
47                android:resource="@style/NormalTheme" />
48
49            <intent-filter>
50                <action android:name="android.intent.action.MAIN" />
51
52                <category android:name="android.intent.category.LAUNCHER" />
53
54                <action android:name="FLUTTER_NOTIFICATION_CLICK" />
55
56                <category android:name="android.intent.category.DEFAULT" />
56-->[com.google.firebase:firebase-auth:21.0.1] AndroidManifest.xml:36:17-76
56-->[com.google.firebase:firebase-auth:21.0.1] AndroidManifest.xml:36:27-73
57            </intent-filter>
58        </activity>
59
60        <!--
61             Don't delete the meta-data below.
62             This is used by the Flutter tool to generate GeneratedPluginRegistrant.java
63        -->
64        <meta-data
65            android:name="flutterEmbedding"
66            android:value="2" />
67
68        <service
68-->[:cloud_firestore] AndroidManifest.xml:8:9-12:19
69            android:name="com.google.firebase.components.ComponentDiscoveryService"
69-->[:cloud_firestore] AndroidManifest.xml:8:18-89
70            android:directBootAware="true"
70-->[com.google.firebase:firebase-common:20.0.0] AndroidManifest.xml:35:13-43
71            android:exported="false" >
71-->[com.google.firebase:firebase-messaging:23.0.0] AndroidManifest.xml:51:13-37
72            <meta-data
72-->[:cloud_firestore] AndroidManifest.xml:9:13-11:85
73                android:name="com.google.firebase.components:io.flutter.plugins.firebase.firestore.FlutterFirebaseFirestoreRegistrar"
73-->[:cloud_firestore] AndroidManifest.xml:10:17-134
74                android:value="com.google.firebase.components.ComponentRegistrar" />
74-->[:cloud_firestore] AndroidManifest.xml:11:17-82
75            <meta-data
75-->[:firebase_auth] AndroidManifest.xml:9:13-11:85
76                android:name="com.google.firebase.components:io.flutter.plugins.firebase.auth.FlutterFirebaseAuthRegistrar"
76-->[:firebase_auth] AndroidManifest.xml:10:17-124
77                android:value="com.google.firebase.components.ComponentRegistrar" />
77-->[:firebase_auth] AndroidManifest.xml:11:17-82
78            <meta-data
78-->[:firebase_storage] AndroidManifest.xml:9:13-11:85
79                android:name="com.google.firebase.components:io.flutter.plugins.firebase.storage.FlutterFirebaseAppRegistrar"
79-->[:firebase_storage] AndroidManifest.xml:10:17-126
80                android:value="com.google.firebase.components.ComponentRegistrar" />
80-->[:firebase_storage] AndroidManifest.xml:11:17-82
81            <meta-data
81-->[:firebase_messaging] AndroidManifest.xml:34:13-36:85
82                android:name="com.google.firebase.components:io.flutter.plugins.firebase.messaging.FlutterFirebaseAppRegistrar"
82-->[:firebase_messaging] AndroidManifest.xml:35:17-128
83                android:value="com.google.firebase.components.ComponentRegistrar" />
83-->[:firebase_messaging] AndroidManifest.xml:36:17-82
84            <meta-data
84-->[:firebase_core] AndroidManifest.xml:9:13-11:85
85                android:name="com.google.firebase.components:io.flutter.plugins.firebase.core.FlutterFirebaseCoreRegistrar"
85-->[:firebase_core] AndroidManifest.xml:10:17-124
86                android:value="com.google.firebase.components.ComponentRegistrar" />
86-->[:firebase_core] AndroidManifest.xml:11:17-82
87            <meta-data
87-->[com.google.firebase:firebase-messaging:23.0.0] AndroidManifest.xml:52:13-54:85
88                android:name="com.google.firebase.components:com.google.firebase.messaging.FirebaseMessagingRegistrar"
88-->[com.google.firebase:firebase-messaging:23.0.0] AndroidManifest.xml:53:17-119
89                android:value="com.google.firebase.components.ComponentRegistrar" />
89-->[com.google.firebase:firebase-messaging:23.0.0] AndroidManifest.xml:54:17-82
90            <meta-data
90-->[com.google.firebase:firebase-datatransport:18.0.0] AndroidManifest.xml:28:13-30:85
91                android:name="com.google.firebase.components:com.google.firebase.datatransport.TransportRegistrar"
91-->[com.google.firebase:firebase-datatransport:18.0.0] AndroidManifest.xml:29:17-115
92                android:value="com.google.firebase.components.ComponentRegistrar" />
92-->[com.google.firebase:firebase-datatransport:18.0.0] AndroidManifest.xml:30:17-82
93            <meta-data
93-->[com.google.firebase:firebase-auth:21.0.1] AndroidManifest.xml:77:13-79:85
94                android:name="com.google.firebase.components:com.google.firebase.auth.FirebaseAuthRegistrar"
94-->[com.google.firebase:firebase-auth:21.0.1] AndroidManifest.xml:78:17-109
95                android:value="com.google.firebase.components.ComponentRegistrar" />
95-->[com.google.firebase:firebase-auth:21.0.1] AndroidManifest.xml:79:17-82
96            <meta-data
96-->[com.google.firebase:firebase-firestore:24.0.1] AndroidManifest.xml:20:13-22:85
97                android:name="com.google.firebase.components:com.google.firebase.firestore.FirestoreRegistrar"
97-->[com.google.firebase:firebase-firestore:24.0.1] AndroidManifest.xml:21:17-111
98                android:value="com.google.firebase.components.ComponentRegistrar" />
98-->[com.google.firebase:firebase-firestore:24.0.1] AndroidManifest.xml:22:17-82
99            <meta-data
99-->[com.google.firebase:firebase-storage:20.0.0] AndroidManifest.xml:33:13-35:85
100                android:name="com.google.firebase.components:com.google.firebase.storage.StorageRegistrar"
100-->[com.google.firebase:firebase-storage:20.0.0] AndroidManifest.xml:34:17-107
101                android:value="com.google.firebase.components.ComponentRegistrar" />
101-->[com.google.firebase:firebase-storage:20.0.0] AndroidManifest.xml:35:17-82
102            <meta-data
102-->[com.google.firebase:firebase-installations:17.0.0] AndroidManifest.xml:18:13-20:85
103                android:name="com.google.firebase.components:com.google.firebase.installations.FirebaseInstallationsRegistrar"
103-->[com.google.firebase:firebase-installations:17.0.0] AndroidManifest.xml:19:17-127
104                android:value="com.google.firebase.components.ComponentRegistrar" />
104-->[com.google.firebase:firebase-installations:17.0.0] AndroidManifest.xml:20:17-82
105        </service>
106        <service
106-->[:firebase_messaging] AndroidManifest.xml:12:9-15:72
107            android:name="io.flutter.plugins.firebase.messaging.FlutterFirebaseMessagingBackgroundService"
107-->[:firebase_messaging] AndroidManifest.xml:13:13-107
108            android:exported="false"
108-->[:firebase_messaging] AndroidManifest.xml:14:13-37
109            android:permission="android.permission.BIND_JOB_SERVICE" />
109-->[:firebase_messaging] AndroidManifest.xml:15:13-69
110        <service
110-->[:firebase_messaging] AndroidManifest.xml:16:9-22:19
111            android:name="io.flutter.plugins.firebase.messaging.FlutterFirebaseMessagingService"
111-->[:firebase_messaging] AndroidManifest.xml:17:13-97
112            android:exported="false" >
112-->[:firebase_messaging] AndroidManifest.xml:18:13-37
113            <intent-filter>
113-->[:firebase_messaging] AndroidManifest.xml:19:13-21:29
114                <action android:name="com.google.firebase.MESSAGING_EVENT" />
114-->[:firebase_messaging] AndroidManifest.xml:20:17-78
114-->[:firebase_messaging] AndroidManifest.xml:20:25-75
115            </intent-filter>
116        </service>
117
118        <receiver
118-->[:firebase_messaging] AndroidManifest.xml:24:9-31:20
119            android:name="io.flutter.plugins.firebase.messaging.FlutterFirebaseMessagingReceiver"
119-->[:firebase_messaging] AndroidManifest.xml:25:13-98
120            android:exported="true"
120-->[:firebase_messaging] AndroidManifest.xml:26:13-36
121            android:permission="com.google.android.c2dm.permission.SEND" >
121-->[:firebase_messaging] AndroidManifest.xml:27:13-73
122            <intent-filter>
122-->[:firebase_messaging] AndroidManifest.xml:28:13-30:29
123                <action android:name="com.google.android.c2dm.intent.RECEIVE" />
123-->[:firebase_messaging] AndroidManifest.xml:29:17-81
123-->[:firebase_messaging] AndroidManifest.xml:29:25-78
124            </intent-filter>
125        </receiver>
126
127        <provider
127-->[:firebase_messaging] AndroidManifest.xml:39:9-43:38
128            android:name="io.flutter.plugins.firebase.messaging.FlutterFirebaseMessagingInitProvider"
128-->[:firebase_messaging] AndroidManifest.xml:40:13-102
129            android:authorities="com.example.karpportal.flutterfirebasemessaginginitprovider"
129-->[:firebase_messaging] AndroidManifest.xml:41:13-88
130            android:exported="false"
130-->[:firebase_messaging] AndroidManifest.xml:42:13-37
131            android:initOrder="99" />
131-->[:firebase_messaging] AndroidManifest.xml:43:13-35
132        <provider
132-->[:image_picker] AndroidManifest.xml:8:9-16:20
133            android:name="io.flutter.plugins.imagepicker.ImagePickerFileProvider"
133-->[:image_picker] AndroidManifest.xml:9:13-82
134            android:authorities="com.example.karpportal.flutter.image_provider"
134-->[:image_picker] AndroidManifest.xml:10:13-74
135            android:exported="false"
135-->[:image_picker] AndroidManifest.xml:11:13-37
136            android:grantUriPermissions="true" >
136-->[:image_picker] AndroidManifest.xml:12:13-47
137            <meta-data
137-->[:image_picker] AndroidManifest.xml:13:13-15:75
138                android:name="android.support.FILE_PROVIDER_PATHS"
138-->[:image_picker] AndroidManifest.xml:14:17-67
139                android:resource="@xml/flutter_image_picker_file_paths" />
139-->[:image_picker] AndroidManifest.xml:15:17-72
140        </provider>
141
142        <activity
142-->[:url_launcher_android] AndroidManifest.xml:8:9-11:74
143            android:name="io.flutter.plugins.urllauncher.WebViewActivity"
143-->[:url_launcher_android] AndroidManifest.xml:9:13-74
144            android:exported="false"
144-->[:url_launcher_android] AndroidManifest.xml:10:13-37
145            android:theme="@android:style/Theme.NoTitleBar.Fullscreen" />
145-->[:url_launcher_android] AndroidManifest.xml:11:13-71
146
147        <uses-library
147-->[androidx.window:window:1.0.0-beta04] AndroidManifest.xml:25:9-27:40
148            android:name="androidx.window.extensions"
148-->[androidx.window:window:1.0.0-beta04] AndroidManifest.xml:26:13-54
149            android:required="false" />
149-->[androidx.window:window:1.0.0-beta04] AndroidManifest.xml:27:13-37
150        <uses-library
150-->[androidx.window:window:1.0.0-beta04] AndroidManifest.xml:28:9-30:40
151            android:name="androidx.window.sidecar"
151-->[androidx.window:window:1.0.0-beta04] AndroidManifest.xml:29:13-51
152            android:required="false" />
152-->[androidx.window:window:1.0.0-beta04] AndroidManifest.xml:30:13-37
153
154        <receiver
154-->[com.google.firebase:firebase-messaging:23.0.0] AndroidManifest.xml:28:9-35:20
155            android:name="com.google.firebase.iid.FirebaseInstanceIdReceiver"
155-->[com.google.firebase:firebase-messaging:23.0.0] AndroidManifest.xml:29:13-78
156            android:exported="true"
156-->[com.google.firebase:firebase-messaging:23.0.0] AndroidManifest.xml:30:13-36
157            android:permission="com.google.android.c2dm.permission.SEND" >
157-->[com.google.firebase:firebase-messaging:23.0.0] AndroidManifest.xml:31:13-73
158            <intent-filter>
158-->[:firebase_messaging] AndroidManifest.xml:28:13-30:29
159                <action android:name="com.google.android.c2dm.intent.RECEIVE" />
159-->[:firebase_messaging] AndroidManifest.xml:29:17-81
159-->[:firebase_messaging] AndroidManifest.xml:29:25-78
160            </intent-filter>
161        </receiver>
162        <!--
163             FirebaseMessagingService performs security checks at runtime,
164             but set to not exported to explicitly avoid allowing another app to call it.
165        -->
166        <service
166-->[com.google.firebase:firebase-messaging:23.0.0] AndroidManifest.xml:41:9-48:19
167            android:name="com.google.firebase.messaging.FirebaseMessagingService"
167-->[com.google.firebase:firebase-messaging:23.0.0] AndroidManifest.xml:42:13-82
168            android:directBootAware="true"
168-->[com.google.firebase:firebase-messaging:23.0.0] AndroidManifest.xml:43:13-43
169            android:exported="false" >
169-->[com.google.firebase:firebase-messaging:23.0.0] AndroidManifest.xml:44:13-37
170            <intent-filter android:priority="-500" >
170-->[:firebase_messaging] AndroidManifest.xml:19:13-21:29
171                <action android:name="com.google.firebase.MESSAGING_EVENT" />
171-->[:firebase_messaging] AndroidManifest.xml:20:17-78
171-->[:firebase_messaging] AndroidManifest.xml:20:25-75
172            </intent-filter>
173        </service>
174        <service
174-->[com.google.android.datatransport:transport-backend-cct:3.0.0] AndroidManifest.xml:29:9-35:19
175            android:name="com.google.android.datatransport.runtime.backends.TransportBackendDiscovery"
175-->[com.google.android.datatransport:transport-backend-cct:3.0.0] AndroidManifest.xml:30:13-103
176            android:exported="false" >
176-->[com.google.android.datatransport:transport-backend-cct:3.0.0] AndroidManifest.xml:31:13-37
177            <meta-data
177-->[com.google.android.datatransport:transport-backend-cct:3.0.0] AndroidManifest.xml:32:13-34:39
178                android:name="backend:com.google.android.datatransport.cct.CctBackendFactory"
178-->[com.google.android.datatransport:transport-backend-cct:3.0.0] AndroidManifest.xml:33:17-94
179                android:value="cct" />
179-->[com.google.android.datatransport:transport-backend-cct:3.0.0] AndroidManifest.xml:34:17-36
180        </service>
181
182        <activity
182-->[com.google.firebase:firebase-auth:21.0.1] AndroidManifest.xml:27:9-44:20
183            android:name="com.google.firebase.auth.internal.GenericIdpActivity"
183-->[com.google.firebase:firebase-auth:21.0.1] AndroidManifest.xml:28:13-80
184            android:excludeFromRecents="true"
184-->[com.google.firebase:firebase-auth:21.0.1] AndroidManifest.xml:29:13-46
185            android:exported="true"
185-->[com.google.firebase:firebase-auth:21.0.1] AndroidManifest.xml:30:13-36
186            android:launchMode="singleTask"
186-->[com.google.firebase:firebase-auth:21.0.1] AndroidManifest.xml:31:13-44
187            android:theme="@android:style/Theme.Translucent.NoTitleBar" >
187-->[com.google.firebase:firebase-auth:21.0.1] AndroidManifest.xml:32:13-72
188            <intent-filter>
188-->[com.google.firebase:firebase-auth:21.0.1] AndroidManifest.xml:33:13-43:29
189                <action android:name="android.intent.action.VIEW" />
189-->[com.google.firebase:firebase-auth:21.0.1] AndroidManifest.xml:34:17-69
189-->[com.google.firebase:firebase-auth:21.0.1] AndroidManifest.xml:34:25-66
190
191                <category android:name="android.intent.category.DEFAULT" />
191-->[com.google.firebase:firebase-auth:21.0.1] AndroidManifest.xml:36:17-76
191-->[com.google.firebase:firebase-auth:21.0.1] AndroidManifest.xml:36:27-73
192                <category android:name="android.intent.category.BROWSABLE" />
192-->[com.google.firebase:firebase-auth:21.0.1] AndroidManifest.xml:37:17-78
192-->[com.google.firebase:firebase-auth:21.0.1] AndroidManifest.xml:37:27-75
193
194                <data
194-->[com.google.firebase:firebase-auth:21.0.1] AndroidManifest.xml:39:17-42:51
195                    android:host="firebase.auth"
195-->[com.google.firebase:firebase-auth:21.0.1] AndroidManifest.xml:40:21-49
196                    android:path="/"
196-->[com.google.firebase:firebase-auth:21.0.1] AndroidManifest.xml:41:21-37
197                    android:scheme="genericidp" />
197-->[com.google.firebase:firebase-auth:21.0.1] AndroidManifest.xml:42:21-48
198            </intent-filter>
199        </activity>
200        <activity
200-->[com.google.firebase:firebase-auth:21.0.1] AndroidManifest.xml:45:9-62:20
201            android:name="com.google.firebase.auth.internal.RecaptchaActivity"
201-->[com.google.firebase:firebase-auth:21.0.1] AndroidManifest.xml:46:13-79
202            android:excludeFromRecents="true"
202-->[com.google.firebase:firebase-auth:21.0.1] AndroidManifest.xml:47:13-46
203            android:exported="true"
203-->[com.google.firebase:firebase-auth:21.0.1] AndroidManifest.xml:48:13-36
204            android:launchMode="singleTask"
204-->[com.google.firebase:firebase-auth:21.0.1] AndroidManifest.xml:49:13-44
205            android:theme="@android:style/Theme.Translucent.NoTitleBar" >
205-->[com.google.firebase:firebase-auth:21.0.1] AndroidManifest.xml:50:13-72
206            <intent-filter>
206-->[com.google.firebase:firebase-auth:21.0.1] AndroidManifest.xml:51:13-61:29
207                <action android:name="android.intent.action.VIEW" />
207-->[com.google.firebase:firebase-auth:21.0.1] AndroidManifest.xml:34:17-69
207-->[com.google.firebase:firebase-auth:21.0.1] AndroidManifest.xml:34:25-66
208
209                <category android:name="android.intent.category.DEFAULT" />
209-->[com.google.firebase:firebase-auth:21.0.1] AndroidManifest.xml:36:17-76
209-->[com.google.firebase:firebase-auth:21.0.1] AndroidManifest.xml:36:27-73
210                <category android:name="android.intent.category.BROWSABLE" />
210-->[com.google.firebase:firebase-auth:21.0.1] AndroidManifest.xml:37:17-78
210-->[com.google.firebase:firebase-auth:21.0.1] AndroidManifest.xml:37:27-75
211
212                <data
212-->[com.google.firebase:firebase-auth:21.0.1] AndroidManifest.xml:39:17-42:51
213                    android:host="firebase.auth"
213-->[com.google.firebase:firebase-auth:21.0.1] AndroidManifest.xml:40:21-49
214                    android:path="/"
214-->[com.google.firebase:firebase-auth:21.0.1] AndroidManifest.xml:41:21-37
215                    android:scheme="recaptcha" />
215-->[com.google.firebase:firebase-auth:21.0.1] AndroidManifest.xml:42:21-48
216            </intent-filter>
217        </activity>
218
219        <service
219-->[com.google.firebase:firebase-auth:21.0.1] AndroidManifest.xml:64:9-73:19
220            android:name="com.google.firebase.auth.api.fallback.service.FirebaseAuthFallbackService"
220-->[com.google.firebase:firebase-auth:21.0.1] AndroidManifest.xml:65:13-101
221            android:enabled="true"
221-->[com.google.firebase:firebase-auth:21.0.1] AndroidManifest.xml:66:13-35
222            android:exported="false" >
222-->[com.google.firebase:firebase-auth:21.0.1] AndroidManifest.xml:67:13-37
223            <intent-filter>
223-->[com.google.firebase:firebase-auth:21.0.1] AndroidManifest.xml:68:13-72:29
224                <action android:name="com.google.firebase.auth.api.gms.service.START" />
224-->[com.google.firebase:firebase-auth:21.0.1] AndroidManifest.xml:69:17-89
224-->[com.google.firebase:firebase-auth:21.0.1] AndroidManifest.xml:69:25-86
225
226                <category android:name="android.intent.category.DEFAULT" />
226-->[com.google.firebase:firebase-auth:21.0.1] AndroidManifest.xml:36:17-76
226-->[com.google.firebase:firebase-auth:21.0.1] AndroidManifest.xml:36:27-73
227            </intent-filter>
228        </service>
229
230        <provider
230-->[com.google.firebase:firebase-common:20.0.0] AndroidManifest.xml:26:9-31:39
231            android:name="com.google.firebase.provider.FirebaseInitProvider"
231-->[com.google.firebase:firebase-common:20.0.0] AndroidManifest.xml:27:13-77
232            android:authorities="com.example.karpportal.firebaseinitprovider"
232-->[com.google.firebase:firebase-common:20.0.0] AndroidManifest.xml:28:13-72
233            android:directBootAware="true"
233-->[com.google.firebase:firebase-common:20.0.0] AndroidManifest.xml:29:13-43
234            android:exported="false"
234-->[com.google.firebase:firebase-common:20.0.0] AndroidManifest.xml:30:13-37
235            android:initOrder="100" />
235-->[com.google.firebase:firebase-common:20.0.0] AndroidManifest.xml:31:13-36
236
237        <activity
237-->[com.google.android.gms:play-services-base:17.1.0] AndroidManifest.xml:23:9-26:75
238            android:name="com.google.android.gms.common.api.GoogleApiActivity"
238-->[com.google.android.gms:play-services-base:17.1.0] AndroidManifest.xml:24:13-79
239            android:exported="false"
239-->[com.google.android.gms:play-services-base:17.1.0] AndroidManifest.xml:25:13-37
240            android:theme="@android:style/Theme.Translucent.NoTitleBar" />
240-->[com.google.android.gms:play-services-base:17.1.0] AndroidManifest.xml:26:13-72
241
242        <meta-data
242-->[com.google.android.gms:play-services-basement:17.1.0] AndroidManifest.xml:23:9-25:69
243            android:name="com.google.android.gms.version"
243-->[com.google.android.gms:play-services-basement:17.1.0] AndroidManifest.xml:24:13-58
244            android:value="@integer/google_play_services_version" />
244-->[com.google.android.gms:play-services-basement:17.1.0] AndroidManifest.xml:25:13-66
245
246        <service
246-->[com.google.android.datatransport:transport-runtime:3.0.0] AndroidManifest.xml:26:9-30:19
247            android:name="com.google.android.datatransport.runtime.scheduling.jobscheduling.JobInfoSchedulerService"
247-->[com.google.android.datatransport:transport-runtime:3.0.0] AndroidManifest.xml:27:13-117
248            android:exported="false"
248-->[com.google.android.datatransport:transport-runtime:3.0.0] AndroidManifest.xml:28:13-37
249            android:permission="android.permission.BIND_JOB_SERVICE" >
249-->[com.google.android.datatransport:transport-runtime:3.0.0] AndroidManifest.xml:29:13-69
250        </service>
251
252        <receiver
252-->[com.google.android.datatransport:transport-runtime:3.0.0] AndroidManifest.xml:32:9-34:40
253            android:name="com.google.android.datatransport.runtime.scheduling.jobscheduling.AlarmManagerSchedulerBroadcastReceiver"
253-->[com.google.android.datatransport:transport-runtime:3.0.0] AndroidManifest.xml:33:13-132
254            android:exported="false" />
254-->[com.google.android.datatransport:transport-runtime:3.0.0] AndroidManifest.xml:34:13-37
255    </application>
256
257</manifest>